::1 - - [09/Nov/2021:11:11:39 +0300] "GET /index.php HTTP/1.1" 200 -
::1 - - [09/Nov/2021:11:13:29 +0300] "GET /index.php HTTP/1.1" 200 78616
::1 - - [09/Nov/2021:11:16:19 +0300] "GET /index.php HTTP/1.1" 200 75885
::1 - - [09/Nov/2021:11:16:21 +0300] "GET /index.php HTTP/1.1" 200 75885
::1 - - [09/Nov/2021:12:26:10 +0300] "POST / HTTP/1.1" 404 196
::1 - - [09/Nov/2021:12:30:01 +0300] "GET / HTTP/1.1" 200 295
::1 - - [09/Nov/2021:12:30:05 +0300] "GET /index.php HTTP/1.1" 200 20
::1 - - [09/Nov/2021:12:32:51 +0300] "POST / HTTP/1.1" 404 196
::1 - - [09/Nov/2021:12:38:18 +0300] "GET /index.php HTTP/1.1" 200 132
::1 - - [09/Nov/2021:12:38:43 +0300] "GET /index.php HTTP/1.1" 200 11
::1 - - [09/Nov/2021:12:38:57 +0300] "GET /index.php HTTP/1.1" 200 103
::1 - - [09/Nov/2021:12:39:29 +0300] "GET /index.php HTTP/1.1" 200 2
::1 - - [09/Nov/2021:12:39:39 +0300] "GET /index.php HTTP/1.1" 200 4
::1 - - [09/Nov/2021:12:39:44 +0300] "GET /index.php HTTP/1.1" 200 6
::1 - - [09/Nov/2021:12:39:47 +0300] "GET /index.php HTTP/1.1" 200 7
::1 - - [09/Nov/2021:12:39:53 +0300] "GET /index.php HTTP/1.1" 200 8
::1 - - [09/Nov/2021:12:39:59 +0300] "GET /index.php HTTP/1.1" 200 12
::1 - - [09/Nov/2021:12:40:04 +0300] "GET /index.php HTTP/1.1" 200 11
::1 - - [09/Nov/2021:12:40:30 +0300] "GET /index.php HTTP/1.1" 200 3
::1 - - [09/Nov/2021:12:40:35 +0300] "GET /index.php HTTP/1.1" 200 3
::1 - - [09/Nov/2021:12:40:41 +0300] "GET /index.php HTTP/1.1" 200 3
::1 - - [09/Nov/2021:12:40:46 +0300] "GET /index.php HTTP/1.1" 200 115
::1 - - [09/Nov/2021:12:41:19 +0300] "GET /index.php HTTP/1.1" 200 6
::1 - - [09/Nov/2021:12:41:26 +0300] "GET /index.php HTTP/1.1" 200 5
::1 - - [09/Nov/2021:12:41:31 +0300] "GET /index.php HTTP/1.1" 200 5
::1 - - [09/Nov/2021:12:41:36 +0300] "GET /index.php HTTP/1.1" 200 3
::1 - - [09/Nov/2021:12:51:26 +0300] "POST / HTTP/1.1" 404 196
::1 - - [09/Nov/2021:12:55:00 +0300] "POST /registration.php HTTP/1.1" 200 128
::1 - - [09/Nov/2021:12:58:48 +0300] "POST /registration.php HTTP/1.1" 200 -
::1 - - [09/Nov/2021:14:13:53 +0300] "GET /index.php HTTP/1.1" 200 3
::1 - - [09/Nov/2021:14:23:37 +0300] "POST /registration.php HTTP/1.1" 200 2
::1 - - [09/Nov/2021:14:27:14 +0300] "POST /registration.php HTTP/1.1" 200 146
::1 - - [09/Nov/2021:14:29:15 +0300] "POST /registration.php HTTP/1.1" 200 146
::1 - - [09/Nov/2021:14:29:22 +0300] "POST /registration.php HTTP/1.1" 200 146
::1 - - [09/Nov/2021:14:31:23 +0300] "POST /registration.php HTTP/1.1" 205 -
::1 - - [09/Nov/2021:14:44:35 +0300] "GET / HTTP/1.1" 200 633
::1 - - [09/Nov/2021:14:44:39 +0300] "GET /router.index.php HTTP/1.1" 200 382
::1 - - [09/Nov/2021:14:44:48 +0300] "GET /router.index.php/ HTTP/1.1" 200 382
::1 - - [09/Nov/2021:14:45:02 +0300] "GET /router.index.php/profile HTTP/1.1" 200 382
::1 - - [09/Nov/2021:14:45:20 +0300] "GET / HTTP/1.1" 200 633
::1 - - [09/Nov/2021:14:46:55 +0300] "GET / HTTP/1.1" 200 443
::1 - - [09/Nov/2021:14:46:59 +0300] "GET /router/ HTTP/1.1" 200 404
::1 - - [09/Nov/2021:14:47:01 +0300] "GET /router/index.php HTTP/1.1" 200 156
::1 - - [09/Nov/2021:14:47:22 +0300] "GET /router/index.php HTTP/1.1" 200 156
::1 - - [09/Nov/2021:14:47:46 +0300] "GET /router/index.php HTTP/1.1" 200 385
::1 - - [09/Nov/2021:14:47:47 +0300] "GET /router/index.php HTTP/1.1" 200 385
::1 - - [09/Nov/2021:14:48:12 +0300] "GET /router/ HTTP/1.1" 200 404
::1 - - [09/Nov/2021:14:48:19 +0300] "GET /router/index.php HTTP/1.1" 200 385
::1 - - [09/Nov/2021:14:48:46 +0300] "GET /router/index.php HTTP/1.1" 200 385
::1 - - [09/Nov/2021:14:49:00 +0300] "GET /router/index.php HTTP/1.1" 200 385
::1 - - [09/Nov/2021:14:49:04 +0300] "GET /router/index.php HTTP/1.1" 200 385
::1 - - [09/Nov/2021:14:49:07 +0300] "GET /router/router.php HTTP/1.1" 200 -
::1 - - [09/Nov/2021:14:49:12 +0300] "GET /router/IRequest.php HTTP/1.1" 200 -
::1 - - [09/Nov/2021:14:49:14 +0300] "GET /router/Request.php HTTP/1.1" 200 -
::1 - - [09/Nov/2021:14:49:17 +0300] "GET /router/index.php HTTP/1.1" 200 385
::1 - - [09/Nov/2021:14:51:12 +0300] "GET /router/index.php HTTP/1.1" 200 385
::1 - - [09/Nov/2021:14:52:24 +0300] "GET /router/index.php HTTP/1.1" 200 544
::1 - - [09/Nov/2021:14:53:04 +0300] "GET / HTTP/1.1" 200 443
::1 - - [09/Nov/2021:14:53:08 +0300] "GET / HTTP/1.1" 200 443
::1 - - [09/Nov/2021:14:53:14 +0300] "GET /profile HTTP/1.1" 404 196
::1 - - [09/Nov/2021:14:53:17 +0300] "GET /router/ HTTP/1.1" 200 404
::1 - - [09/Nov/2021:14:53:20 +0300] "GET /router/profile HTTP/1.1" 404 196
::1 - - [09/Nov/2021:14:55:22 +0300] "GET /index.php HTTP/1.1" 200 358
::1 - - [09/Nov/2021:14:56:33 +0300] "POST /registration.php HTTP/1.1" 200 2
::1 - - [09/Nov/2021:15:00:23 +0300] "GET / HTTP/1.1" 200 443
::1 - - [09/Nov/2021:15:00:25 +0300] "GET /index.php HTTP/1.1" 200 173
::1 - - [09/Nov/2021:15:00:36 +0300] "GET /index.php HTTP/1.1" 200 173
::1 - - [09/Nov/2021:15:00:45 +0300] "GET /index.php HTTP/1.1" 200 173
::1 - - [09/Nov/2021:15:01:32 +0300] "GET /index.php HTTP/1.1" 200 1852
::1 - - [09/Nov/2021:15:07:33 +0300] "GET /9000 HTTP/1.1" 404 196
::1 - - [09/Nov/2021:15:07:52 +0300] "GET /9000 HTTP/1.1" 404 196
::1 - - [09/Nov/2021:15:08:39 +0300] "POST /signup.php HTTP/1.1" 200 31
::1 - - [09/Nov/2021:15:09:19 +0300] "POST /signup.php HTTP/1.1" 200 36
::1 - - [09/Nov/2021:15:09:58 +0300] "POST /signup.php HTTP/1.1" 200 31
::1 - - [09/Nov/2021:15:10:25 +0300] "POST /signup.php HTTP/1.1" 200 37
::1 - - [09/Nov/2021:15:11:57 +0300] "POST /signup.php HTTP/1.1" 200 37
::1 - - [09/Nov/2021:15:11:58 +0300] "POST /signup.php HTTP/1.1" 200 37
::1 - - [09/Nov/2021:15:20:14 +0300] "POST /signup.php HTTP/1.1" 200 164
::1 - - [09/Nov/2021:15:21:34 +0300] "POST /signup.php HTTP/1.1" 200 129
::1 - - [09/Nov/2021:15:21:54 +0300] "POST /signup.php HTTP/1.1" 200 129
::1 - - [09/Nov/2021:15:22:21 +0300] "POST /signup.php HTTP/1.1" 200 129
::1 - - [09/Nov/2021:15:23:19 +0300] "POST /signup.php HTTP/1.1" 200 129
::1 - - [09/Nov/2021:15:25:30 +0300] "POST /signup.php HTTP/1.1" 200 129
::1 - - [09/Nov/2021:15:26:28 +0300] "POST /signup.php HTTP/1.1" 200 129
::1 - - [09/Nov/2021:15:26:48 +0300] "POST /signup.php HTTP/1.1" 200 129
::1 - - [09/Nov/2021:15:27:13 +0300] "POST /signup.php HTTP/1.1" 200 129
::1 - - [09/Nov/2021:15:27:16 +0300] "POST /signup.php HTTP/1.1" 200 129
::1 - - [09/Nov/2021:15:27:16 +0300] "POST /signup.php HTTP/1.1" 200 129
::1 - - [09/Nov/2021:15:27:49 +0300] "POST /signup.php HTTP/1.1" 200 129
::1 - - [09/Nov/2021:15:30:53 +0300] "POST /signup.php HTTP/1.1" 200 183
::1 - - [09/Nov/2021:15:31:12 +0300] "POST /signup.php HTTP/1.1" 200 183
::1 - - [09/Nov/2021:15:31:57 +0300] "POST /signup.php HTTP/1.1" 200 183
::1 - - [09/Nov/2021:15:43:04 +0300] "POST /signup.php HTTP/1.1" 200 183
::1 - - [09/Nov/2021:15:44:25 +0300] "POST /signup.php HTTP/1.1" 200 183
::1 - - [09/Nov/2021:15:44:50 +0300] "POST /signup.php HTTP/1.1" 200 183
::1 - - [09/Nov/2021:15:45:16 +0300] "POST /signup.php HTTP/1.1" 200 183
::1 - - [09/Nov/2021:15:48:39 +0300] "POST /signup.php HTTP/1.1" 200 183
::1 - - [09/Nov/2021:15:49:03 +0300] "POST /signup.php HTTP/1.1" 200 183
::1 - - [09/Nov/2021:15:49:07 +0300] "POST /signup.php HTTP/1.1" 200 183
::1 - - [09/Nov/2021:15:49:32 +0300] "POST /signup.php HTTP/1.1" 200 183
::1 - - [09/Nov/2021:15:51:39 +0300] "POST /signup.php HTTP/1.1" 200 127
::1 - - [09/Nov/2021:15:51:52 +0300] "POST /signup.php HTTP/1.1" 200 127
::1 - - [09/Nov/2021:15:52:24 +0300] "POST /signup.php HTTP/1.1" 200 127
::1 - - [09/Nov/2021:15:53:41 +0300] "POST /signup.php HTTP/1.1" 200 127
::1 - - [09/Nov/2021:15:54:55 +0300] "POST /signup.php HTTP/1.1" 200 127
::1 - - [09/Nov/2021:15:56:37 +0300] "POST /signup.php HTTP/1.1" 200 127
::1 - - [09/Nov/2021:15:57:19 +0300] "POST /signup.php HTTP/1.1" 200 127
::1 - - [09/Nov/2021:15:57:35 +0300] "POST /signup.php HTTP/1.1" 200 127
::1 - - [09/Nov/2021:16:05:26 +0300] "POST /signup.php HTTP/1.1" 200 127
::1 - - [09/Nov/2021:16:07:08 +0300] "POST /signup.php HTTP/1.1" 200 127
::1 - - [09/Nov/2021:16:07:29 +0300] "POST /signup.php HTTP/1.1" 200 127
::1 - - [09/Nov/2021:16:07:59 +0300] "POST /signup.php HTTP/1.1" 200 127
::1 - - [09/Nov/2021:16:10:17 +0300] "POST /signup.php HTTP/1.1" 200 132
::1 - - [09/Nov/2021:16:10:48 +0300] "POST /signup.php HTTP/1.1" 200 38
::1 - - [09/Nov/2021:16:10:55 +0300] "POST /signup.php HTTP/1.1" 200 38
::1 - - [09/Nov/2021:16:11:16 +0300] "POST /signup.php HTTP/1.1" 200 241
::1 - - [09/Nov/2021:16:11:18 +0300] "POST /signup.php HTTP/1.1" 200 241
::1 - - [09/Nov/2021:16:11:18 +0300] "POST /signup.php HTTP/1.1" 200 241
::1 - - [09/Nov/2021:16:11:18 +0300] "POST /signup.php HTTP/1.1" 200 241
::1 - - [09/Nov/2021:16:13:26 +0300] "POST /signup.php HTTP/1.1" 200 241
::1 - - [09/Nov/2021:16:13:42 +0300] "POST /signup.php HTTP/1.1" 200 241
::1 - - [09/Nov/2021:16:13:58 +0300] "POST /signup.php HTTP/1.1" 200 241
::1 - - [09/Nov/2021:16:14:25 +0300] "POST /signup.php HTTP/1.1" 200 241
::1 - - [09/Nov/2021:16:16:22 +0300] "POST /signup.php HTTP/1.1" 200 132
::1 - - [09/Nov/2021:16:16:24 +0300] "POST /signup.php HTTP/1.1" 200 132
::1 - - [09/Nov/2021:16:16:43 +0300] "POST /signup.php HTTP/1.1" 200 132
::1 - - [09/Nov/2021:16:17:04 +0300] "POST /signup.php HTTP/1.1" 200 132
::1 - - [09/Nov/2021:16:17:33 +0300] "POST /signup.php HTTP/1.1" 200 102
::1 - - [09/Nov/2021:16:17:59 +0300] "POST /signup.php HTTP/1.1" 200 80
::1 - - [09/Nov/2021:16:18:16 +0300] "POST /signup.php HTTP/1.1" 200 132
::1 - - [09/Nov/2021:16:18:17 +0300] "POST /signup.php HTTP/1.1" 200 132
::1 - - [09/Nov/2021:16:18:17 +0300] "POST /signup.php HTTP/1.1" 200 132
::1 - - [09/Nov/2021:16:18:17 +0300] "POST /signup.php HTTP/1.1" 200 132
::1 - - [09/Nov/2021:16:18:52 +0300] "POST /signup.php HTTP/1.1" 200 132
::1 - - [09/Nov/2021:16:19:06 +0300] "POST /signup.php HTTP/1.1" 200 132
::1 - - [09/Nov/2021:16:20:27 +0300] "POST /signup.php HTTP/1.1" 200 132
::1 - - [09/Nov/2021:16:21:12 +0300] "POST /signup.php HTTP/1.1" 200 132
::1 - - [09/Nov/2021:16:21:13 +0300] "POST /signup.php HTTP/1.1" 200 132
::1 - - [09/Nov/2021:16:21:13 +0300] "POST /signup.php HTTP/1.1" 200 132
::1 - - [09/Nov/2021:16:21:14 +0300] "POST /signup.php HTTP/1.1" 200 132
::1 - - [09/Nov/2021:16:22:01 +0300] "POST /signup.php HTTP/1.1" 200 120
::1 - - [09/Nov/2021:16:22:48 +0300] "POST /signup.php HTTP/1.1" 200 75
::1 - - [09/Nov/2021:16:25:10 +0300] "POST /signup.php HTTP/1.1" 200 82
::1 - - [09/Nov/2021:16:26:51 +0300] "POST /signup.php HTTP/1.1" 200 1927
::1 - - [09/Nov/2021:16:26:55 +0300] "POST /signup.php HTTP/1.1" 200 1927
::1 - - [09/Nov/2021:16:28:16 +0300] "POST /signup.php HTTP/1.1" 200 1927
